<?xml version="1.0" encoding="UTF-8" ?>
<testsuite failures="0" time="1.375" errors="0" skipped="0" tests="1" name="geeks.aretotally.in.cookiebaker.CookieBakerTest">
  <properties>
    <property name="java.vm.vendor.url.bug" value="http://edocs.bea.com/jrockit/go2troubleshooting.html"/>
    <property name="java.runtime.name" value="Java(TM) SE Runtime Environment"/>
    <property name="sun.boot.library.path" value="C:\Program Files\Java\jre1.6.0_07\jre\bin"/>
    <property name="java.vm.version" value="R27.6.0-50_o-100423-1.6.0_05-20080626-2105-windows-ia32"/>
    <property name="java.vm.vendor" value="BEA Systems, Inc."/>
    <property name="java.vendor.url" value="http://www.bea.com/"/>
    <property name="path.separator" value=";"/>
    <property name="java.vm.name" value="BEA JRockit(R)"/>
    <property name="file.encoding.pkg" value="sun.io"/>
    <property name="user.country" value="US"/>
    <property name="sun.java.launcher" value="SUN_STANDARD"/>
    <property name="sun.os.patch.level" value="Service Pack 3"/>
    <property name="java.vm.vendor.url" value="http://www.bea.com/"/>
    <property name="java.vm.specification.name" value="Java Virtual Machine Specification"/>
    <property name="user.dir" value="C:\projects\src\cookiebaker"/>
    <property name="java.runtime.version" value="1.6.0_05-b13"/>
    <property name="java.awt.graphicsenv" value="sun.awt.Win32GraphicsEnvironment"/>
    <property name="basedir" value="C:\projects\src\cookiebaker"/>
    <property name="java.endorsed.dirs" value="C:\Program Files\Java\jre1.6.0_07\jre\lib\endorsed"/>
    <property name="os.arch" value="x86"/>
    <property name="surefire.real.class.path" value="C:\DOCUME~1\foliveir\LOCALS~1\Temp\surefirebooter12177.jar"/>
    <property name="java.io.tmpdir" value="C:\DOCUME~1\foliveir\LOCALS~1\Temp\"/>
    <property name="line.separator" value="
"/>
    <property name="java.vm.specification.vendor" value="Sun Microsystems Inc."/>
    <property name="user.variant" value=""/>
    <property name="os.name" value="Windows XP"/>
    <property name="sun.jnu.encoding" value="Cp1252"/>
    <property name="java.library.path" value="C:\Program Files\Java\jre1.6.0_07\jre\bin;.;C:\WINDOWS\system32;C:\WINDOWS;C:\Program Files\Java\jre1.6.0_07\jre\bin;C:\Program Files\Business Objects\Common\3.5\bin\NOTES\;C:\Program Files\Business Objects\Common\3.5\bin\NOTES\DATA\;C:\oracle\ora102\bin;C:\WINDOWS\system32;C:\WINDOWS;C:\WINDOWS\System32\Wbem;C:\Program Files\Intel\Wireless\Bin\;C:\Program Files\QuickTime\QTSystem\;C:\Program Files\ZANTAZ\EAS Client\;C:\Program Files\HEAT\;C:\Program Files\Windows Imaging\;C:\Program Files\CREDANT\Shield v6.7\;C:\Program Files\SlikSvn\bin\;C:\Program Files\TortoiseSVN\bin;C:\Program Files\Java\jre1.6.0_07\bin;C:\Documents and Settings\foliveir\My Documents\maven\apache-maven-2.1.0\bin;C:\Documents and Settings\foliveir\My Documents\ant\apache-ant-1.8.1\bin:C:\Documents and Settings\foliveir\My Documents\scala-2.8.1.final\bin;C:\Program Files\Git\cmd;C:\Documents and Settings\foliveir\My Documents\ant\apache-ant-1.8.1\bin"/>
    <property name="surefire.test.class.path" value="C:\projects\src\cookiebaker\target\test-classes;C:\projects\src\cookiebaker\target\classes;C:\Documents and Settings\foliveir\.m2\repository\javax\servlet\servlet-api\2.5\servlet-api-2.5.jar;C:\Documents and Settings\foliveir\.m2\repository\org\codehaus\jackson\jackson-mapper-asl\1.5.1\jackson-mapper-asl-1.5.1.jar;C:\Documents and Settings\foliveir\.m2\repository\org\codehaus\jackson\jackson-core-asl\1.5.1\jackson-core-asl-1.5.1.jar;C:\Documents and Settings\foliveir\.m2\repository\org\jmock\jmock\2.5.1\jmock-2.5.1.jar;C:\Documents and Settings\foliveir\.m2\repository\org\hamcrest\hamcrest-core\1.1\hamcrest-core-1.1.jar;C:\Documents and Settings\foliveir\.m2\repository\org\hamcrest\hamcrest-library\1.1\hamcrest-library-1.1.jar;C:\Documents and Settings\foliveir\.m2\repository\junit\junit\3.7\junit-3.7.jar;C:\Documents and Settings\foliveir\.m2\repository\org\springframework\org.springframework.test\3.0.0.M3\org.springframework.test-3.0.0.M3.jar;C:\Documents and Settings\foliveir\.m2\repository\org\apache\commons\com.springsource.org.apache.commons.logging\1.1.1\com.springsource.org.apache.commons.logging-1.1.1.jar;C:\Documents and Settings\foliveir\.m2\repository\org\springframework\org.springframework.core\3.0.0.M3\org.springframework.core-3.0.0.M3.jar;"/>
    <property name="java.specification.name" value="Java Platform API Specification"/>
    <property name="java.class.version" value="50.0"/>
    <property name="sun.management.compiler" value="BEA JRockit(R) Optimizing Compiler"/>
    <property name="os.version" value="5.1"/>
    <property name="user.home" value="C:\Documents and Settings\foliveir"/>
    <property name="user.timezone" value="America/New_York"/>
    <property name="java.awt.printerjob" value="sun.awt.windows.WPrinterJob"/>
    <property name="java.specification.version" value="1.6"/>
    <property name="file.encoding" value="Cp1252"/>
    <property name="user.name" value="foliveir"/>
    <property name="java.class.path" value="C:\projects\src\cookiebaker\target\test-classes;C:\projects\src\cookiebaker\target\classes;C:\Documents and Settings\foliveir\.m2\repository\javax\servlet\servlet-api\2.5\servlet-api-2.5.jar;C:\Documents and Settings\foliveir\.m2\repository\org\codehaus\jackson\jackson-mapper-asl\1.5.1\jackson-mapper-asl-1.5.1.jar;C:\Documents and Settings\foliveir\.m2\repository\org\codehaus\jackson\jackson-core-asl\1.5.1\jackson-core-asl-1.5.1.jar;C:\Documents and Settings\foliveir\.m2\repository\org\jmock\jmock\2.5.1\jmock-2.5.1.jar;C:\Documents and Settings\foliveir\.m2\repository\org\hamcrest\hamcrest-core\1.1\hamcrest-core-1.1.jar;C:\Documents and Settings\foliveir\.m2\repository\org\hamcrest\hamcrest-library\1.1\hamcrest-library-1.1.jar;C:\Documents and Settings\foliveir\.m2\repository\junit\junit\3.7\junit-3.7.jar;C:\Documents and Settings\foliveir\.m2\repository\org\springframework\org.springframework.test\3.0.0.M3\org.springframework.test-3.0.0.M3.jar;C:\Documents and Settings\foliveir\.m2\repository\org\apache\commons\com.springsource.org.apache.commons.logging\1.1.1\com.springsource.org.apache.commons.logging-1.1.1.jar;C:\Documents and Settings\foliveir\.m2\repository\org\springframework\org.springframework.core\3.0.0.M3\org.springframework.core-3.0.0.M3.jar;"/>
    <property name="java.vm.specification.version" value="1.0"/>
    <property name="sun.arch.data.model" value="32"/>
    <property name="java.home" value="C:\Program Files\Java\jre1.6.0_07\jre"/>
    <property name="java.specification.vendor" value="Sun Microsystems Inc."/>
    <property name="user.language" value="en"/>
    <property name="awt.toolkit" value="sun.awt.windows.WToolkit"/>
    <property name="java.vm.info" value="compiled mode"/>
    <property name="java.version" value="1.6.0_05"/>
    <property name="java.ext.dirs" value="C:\Program Files\Java\jre1.6.0_07\jre\lib\ext"/>
    <property name="sun.boot.class.path" value="C:\Program Files\Java\jre1.6.0_07\jre\bin\jrockit\jrockit1.6.0.jar;C:\Program Files\Java\jre1.6.0_07\jre\bin\jrockit\jmapi.jar;C:\Program Files\Java\jre1.6.0_07\jre\bin\jrockit\jmxmapi.jar;C:\Program Files\Java\jre1.6.0_07\jre\bin\jrockit\rmp.jar;C:\Program Files\Java\jre1.6.0_07\jre\bin\jrockit\latency.jar;C:\Program Files\Java\jre1.6.0_07\jre\lib\resources.jar;C:\Program Files\Java\jre1.6.0_07\jre\lib\rt.jar;C:\Program Files\Java\jre1.6.0_07\jre\lib\sunrsasign.jar;C:\Program Files\Java\jre1.6.0_07\jre\lib\jsse.jar;C:\Program Files\Java\jre1.6.0_07\jre\lib\jce.jar;C:\Program Files\Java\jre1.6.0_07\jre\lib\charsets.jar;C:\Program Files\Java\jre1.6.0_07\jre\classes"/>
    <property name="java.vendor" value="BEA Systems, Inc."/>
    <property name="localRepository" value="C:\Documents and Settings\foliveir\.m2\repository"/>
    <property name="file.separator" value="\"/>
    <property name="java.vendor.url.bug" value="http://edocs.bea.com/jrockit/go2troubleshooting.html"/>
    <property name="sun.cpu.endian" value="little"/>
    <property name="sun.io.unicode.encoding" value="UnicodeLittle"/>
    <property name="sun.desktop" value="windows"/>
    <property name="sun.cpu.isalist" value="pentium_pro+mmx pentium_pro pentium+mmx pentium i486 i386 i86"/>
  </properties>
  <testcase time="1.219" classname="geeks.aretotally.in.cookiebaker.CookieBakerTest" name="test"/>
</testsuite>